<?xml version="1.0" encoding="UTF-8"?>
<testng-results skipped="0" failed="1" total="1" passed="0">
  <reporter-output>
  </reporter-output>
  <suite name="Default suite" duration-ms="13229" started-at="2020-05-11T11:58:00Z" finished-at="2020-05-11T11:58:14Z">
    <groups>
    </groups>
    <test name="Default test" duration-ms="13229" started-at="2020-05-11T11:58:00Z" finished-at="2020-05-11T11:58:14Z">
      <class name="handson_DDF.DataProvider_ApachePOI">
        <test-method status="PASS" signature="beforeTest()[pri:0, instance:handson_DDF.DataProvider_ApachePOI@2a18f23c]" name="beforeTest" is-config="true" duration-ms="7975" started-at="2020-05-11T18:58:00Z" finished-at="2020-05-11T18:58:08Z">
          <reporter-output>
          </reporter-output>
        </test-method> <!-- beforeTest -->
        <test-method status="FAIL" signature="LoginPage(java.lang.String, java.lang.String)[pri:0, instance:handson_DDF.DataProvider_ApachePOI@2a18f23c]" name="LoginPage" duration-ms="3281" started-at="2020-05-11T18:58:09Z" data-provider="TestData" finished-at="2020-05-11T18:58:12Z">
          <params>
            <param index="0">
              <value>
                <![CDATA[vinoth]]>
              </value>
            </param>
            <param index="1">
              <value>
                <![CDATA[kumar]]>
              </value>
            </param>
          </params>
          <exception class="java.lang.AssertionError">
            <message>
              <![CDATA[expected [true] but found [false]]]>
            </message>
            <full-stacktrace>
              <![CDATA[java.lang.AssertionError: expected [true] but found [false]
	at org.testng.Assert.fail(Assert.java:94)
	at org.testng.Assert.failNotEquals(Assert.java:513)
	at org.testng.Assert.assertTrue(Assert.java:42)
	at org.testng.Assert.assertTrue(Assert.java:52)
	at handson_DDF.DataProvider_ApachePOI.LoginPage(DataProvider_ApachePOI.java:82)
	at sun.reflect.NativeMethodAccessorImpl.invoke0(Native Method)
	at sun.reflect.NativeMethodAccessorImpl.invoke(Unknown Source)
	at sun.reflect.DelegatingMethodAccessorImpl.invoke(Unknown Source)
	at java.lang.reflect.Method.invoke(Unknown Source)
	at org.testng.internal.MethodInvocationHelper.invokeMethod(MethodInvocationHelper.java:86)
	at org.testng.internal.Invoker.invokeMethod(Invoker.java:645)
	at org.testng.internal.Invoker.invokeTestMethod(Invoker.java:822)
	at org.testng.internal.Invoker.invokeTestMethods(Invoker.java:1130)
	at org.testng.internal.TestMethodWorker.invokeTestMethods(TestMethodWorker.java:129)
	at org.testng.internal.TestMethodWorker.run(TestMethodWorker.java:112)
	at org.testng.TestRunner.privateRun(TestRunner.java:782)
	at org.testng.TestRunner.run(TestRunner.java:632)
	at org.testng.SuiteRunner.runTest(SuiteRunner.java:366)
	at org.testng.SuiteRunner.runSequentially(SuiteRunner.java:361)
	at org.testng.SuiteRunner.privateRun(SuiteRunner.java:319)
	at org.testng.SuiteRunner.run(SuiteRunner.java:268)
	at org.testng.SuiteRunnerWorker.runSuite(SuiteRunnerWorker.java:52)
	at org.testng.SuiteRunnerWorker.run(SuiteRunnerWorker.java:86)
	at org.testng.TestNG.runSuitesSequentially(TestNG.java:1244)
	at org.testng.TestNG.runSuitesLocally(TestNG.java:1169)
	at org.testng.TestNG.run(TestNG.java:1064)
	at org.testng.remote.RemoteTestNG.run(RemoteTestNG.java:113)
	at org.testng.remote.RemoteTestNG.initAndRun(RemoteTestNG.java:206)
	at org.testng.remote.RemoteTestNG.main(RemoteTestNG.java:177)
]]>
            </full-stacktrace>
          </exception> <!-- java.lang.AssertionError -->
          <reporter-output>
          </reporter-output>
        </test-method> <!-- LoginPage -->
        <test-method status="PASS" signature="afterTest()[pri:0, instance:handson_DDF.DataProvider_ApachePOI@2a18f23c]" name="afterTest" is-config="true" duration-ms="1223" started-at="2020-05-11T18:58:12Z" finished-at="2020-05-11T18:58:14Z">
          <reporter-output>
          </reporter-output>
        </test-method> <!-- afterTest -->
      </class> <!-- handson_DDF.DataProvider_ApachePOI -->
    </test> <!-- Default test -->
  </suite> <!-- Default suite -->
</testng-results>
